2022-05-14 15:29:33,919 - log - INFO - 用户昵称：RedSTAR_Kon
2022-05-14 15:29:33,919 - log - INFO - 硬币余额：43.8
2022-05-14 15:29:33,920 - log - INFO - 当前等级：5,当前经验：19298,下一级所需经验：9502
2022-05-14 15:29:34,070 - log - INFO - 直播签到信息：今日已签到过,无法重复签到
2022-05-14 15:29:34,191 - log - INFO - 漫画已签到或签到失败
2022-05-14 15:29:34,884 - log - INFO - 直播银瓜子不足700兑换硬币
2022-05-14 15:29:35,010 - log - INFO - 每日任务分享视频：重复分享
2022-05-14 15:29:35,067 - log - INFO - 上报视频进度成功
2022-05-14 15:29:35,354 - log - INFO - 今日投币经验已达成
2022-05-14 15:53:20,904 - log - INFO - 用户昵称：RedSTAR_Kon
2022-05-14 15:53:20,905 - log - INFO - 硬币余额：43.8
2022-05-14 15:53:20,905 - log - INFO - 当前等级：5,当前经验：19298,下一级所需经验：9502
2022-05-14 15:53:21,010 - log - INFO - 直播签到信息：今日已签到过,无法重复签到
2022-05-14 15:53:21,107 - log - INFO - 漫画已签到或签到失败
2022-05-14 15:53:21,649 - log - INFO - 直播银瓜子不足700兑换硬币
2022-05-14 15:53:21,769 - log - INFO - 视频分享成功
2022-05-14 15:53:21,835 - log - INFO - 上报视频进度成功
2022-05-14 15:53:22,046 - log - INFO - 今日投币经验已达成
2022-05-14 15:53:45,552 - log - INFO - 用户昵称：RedSTAR_Kon
2022-05-14 15:53:45,552 - log - INFO - 硬币余额：43.8
2022-05-14 15:53:45,553 - log - INFO - 当前等级：5,当前经验：19298,下一级所需经验：9502
2022-05-14 15:53:45,673 - log - INFO - 直播签到信息：今日已签到过,无法重复签到
2022-05-14 15:53:45,786 - log - INFO - 漫画已签到或签到失败
2022-05-14 15:53:46,452 - log - INFO - 直播银瓜子不足700兑换硬币
2022-05-14 15:53:46,564 - log - INFO - 每日任务分享视频：重复分享
2022-05-14 15:53:46,619 - log - INFO - 上报视频进度成功
2022-05-14 15:53:46,822 - log - INFO - 今日投币经验已达成
2022-05-14 15:53:57,207 - log - INFO - 用户昵称：RedSTAR_Kon
2022-05-14 15:53:57,207 - log - INFO - 硬币余额：43.8
2022-05-14 15:53:57,207 - log - INFO - 当前等级：5,当前经验：19298,下一级所需经验：9502
2022-05-14 15:53:57,310 - log - INFO - 直播签到信息：今日已签到过,无法重复签到
2022-05-14 15:53:57,402 - log - INFO - 漫画已签到或签到失败
2022-05-14 15:53:58,012 - log - INFO - 直播银瓜子不足700兑换硬币
2022-05-14 15:53:58,158 - log - INFO - 每日任务分享视频：重复分享
2022-05-14 15:53:58,211 - log - INFO - 上报视频进度成功
2022-05-14 15:53:58,427 - log - INFO - 今日投币经验已达成
2022-05-14 15:54:08,834 - log - INFO - 用户昵称：RedSTAR_Kon
2022-05-14 15:54:08,834 - log - INFO - 硬币余额：43.8
2022-05-14 15:54:08,834 - log - INFO - 当前等级：5,当前经验：19298,下一级所需经验：9502
2022-05-14 15:54:08,960 - log - INFO - 直播签到信息：今日已签到过,无法重复签到
2022-05-14 15:54:09,078 - log - INFO - 漫画已签到或签到失败
2022-05-14 15:54:09,692 - log - INFO - 直播银瓜子不足700兑换硬币
2022-05-14 15:54:09,847 - log - INFO - 每日任务分享视频：重复分享
2022-05-14 15:54:09,911 - log - INFO - 上报视频进度成功
2022-05-14 15:54:10,128 - log - INFO - 今日投币经验已达成
2022-05-14 15:55:56,951 - log - INFO - 用户昵称：RedSTAR_Kon
2022-05-14 15:55:56,951 - log - INFO - 硬币余额：43.8
2022-05-14 15:55:56,951 - log - INFO - 当前等级：5,当前经验：19298,下一级所需经验：9502
2022-05-14 15:55:57,063 - log - INFO - 直播签到信息：今日已签到过,无法重复签到
2022-05-14 15:55:57,172 - log - INFO - 漫画已签到或签到失败
2022-05-14 15:55:57,877 - log - INFO - 直播银瓜子不足700兑换硬币
2022-05-14 15:55:58,005 - log - INFO - 每日任务分享视频：重复分享
2022-05-14 15:55:58,059 - log - INFO - 上报视频进度成功
2022-05-14 15:55:58,277 - log - INFO - 今日投币经验已达成
2022-05-14 15:56:08,487 - log - INFO - 用户昵称：RedSTAR_Kon
2022-05-14 15:56:08,487 - log - INFO - 硬币余额：43.8
2022-05-14 15:56:08,487 - log - INFO - 当前等级：5,当前经验：19298,下一级所需经验：9502
2022-05-14 15:56:08,597 - log - INFO - 直播签到信息：今日已签到过,无法重复签到
2022-05-14 15:56:08,723 - log - INFO - 漫画已签到或签到失败
2022-05-14 15:56:09,297 - log - INFO - 直播银瓜子不足700兑换硬币
2022-05-14 15:56:09,424 - log - INFO - 每日任务分享视频：重复分享
2022-05-14 15:56:09,481 - log - INFO - 上报视频进度成功
2022-05-14 15:56:09,696 - log - INFO - 今日投币经验已达成
2022-05-14 15:56:13,088 - log - INFO - 用户昵称：RedSTAR_Kon
2022-05-14 15:56:13,088 - log - INFO - 硬币余额：43.8
2022-05-14 15:56:13,088 - log - INFO - 当前等级：5,当前经验：19298,下一级所需经验：9502
2022-05-14 15:56:13,219 - log - INFO - 直播签到信息：今日已签到过,无法重复签到
2022-05-14 15:56:13,351 - log - INFO - 漫画已签到或签到失败
2022-05-14 15:56:14,026 - log - INFO - 直播银瓜子不足700兑换硬币
2022-05-14 15:56:14,133 - log - INFO - 每日任务分享视频：重复分享
2022-05-14 15:56:14,184 - log - INFO - 上报视频进度成功
2022-05-14 15:56:14,376 - log - INFO - 今日投币经验已达成
2022-05-14 15:56:17,775 - log - INFO - 用户昵称：RedSTAR_Kon
2022-05-14 15:56:17,775 - log - INFO - 硬币余额：43.8
2022-05-14 15:56:17,775 - log - INFO - 当前等级：5,当前经验：19298,下一级所需经验：9502
2022-05-14 15:56:17,886 - log - INFO - 直播签到信息：今日已签到过,无法重复签到
2022-05-14 15:56:17,987 - log - INFO - 漫画已签到或签到失败
2022-05-14 15:56:18,656 - log - INFO - 直播银瓜子不足700兑换硬币
2022-05-14 15:56:18,825 - log - INFO - 每日任务分享视频：重复分享
2022-05-14 15:56:18,876 - log - INFO - 上报视频进度成功
2022-05-14 15:56:19,095 - log - INFO - 今日投币经验已达成
2022-05-14 15:57:16,155 - log - INFO - 用户昵称：RedSTAR_Kon
2022-05-14 15:57:16,155 - log - INFO - 硬币余额：43.8
2022-05-14 15:57:16,155 - log - INFO - 当前等级：5,当前经验：19298,下一级所需经验：9502
2022-05-14 15:57:16,258 - log - INFO - 直播签到信息：今日已签到过,无法重复签到
2022-05-14 15:57:16,357 - log - INFO - 漫画已签到或签到失败
2022-05-14 15:57:16,945 - log - INFO - 直播银瓜子不足700兑换硬币
2022-05-14 15:57:17,085 - log - INFO - 每日任务分享视频：重复分享
2022-05-14 15:57:17,149 - log - INFO - 上报视频进度成功
2022-05-14 15:57:17,358 - log - INFO - 今日投币经验已达成
2022-05-14 15:57:17,552 - log - INFO - BilibiliHelper is running! This is day 1.
2022-05-14 15:58:06,979 - log - INFO - 用户昵称：RedSTAR_Kon
2022-05-14 15:58:06,979 - log - INFO - 硬币余额：43.8
2022-05-14 15:58:06,980 - log - INFO - 当前等级：5,当前经验：19298,下一级所需经验：9502
2022-05-14 15:58:07,089 - log - INFO - 直播签到信息：今日已签到过,无法重复签到
2022-05-14 15:58:07,198 - log - INFO - 漫画已签到或签到失败
2022-05-14 15:58:07,753 - log - INFO - 直播银瓜子不足700兑换硬币
2022-05-14 15:58:07,892 - log - INFO - 每日任务分享视频：重复分享
2022-05-14 15:58:07,954 - log - INFO - 上报视频进度成功
2022-05-14 15:58:08,181 - log - INFO - 今日投币经验已达成
2022-05-14 15:58:08,385 - log - INFO - BilibiliHelper is running! Running time : 1day.
2022-05-14 15:58:16,303 - log - INFO - 用户昵称：RedSTAR_Kon
2022-05-14 15:58:16,304 - log - INFO - 硬币余额：43.8
2022-05-14 15:58:16,304 - log - INFO - 当前等级：5,当前经验：19298,下一级所需经验：9502
2022-05-14 15:58:16,418 - log - INFO - 直播签到信息：今日已签到过,无法重复签到
2022-05-14 15:58:16,553 - log - INFO - 漫画已签到或签到失败
2022-05-14 15:58:17,254 - log - INFO - 直播银瓜子不足700兑换硬币
2022-05-14 15:58:17,392 - log - INFO - 每日任务分享视频：重复分享
2022-05-14 15:58:17,443 - log - INFO - 上报视频进度成功
2022-05-14 15:58:17,696 - log - INFO - 今日投币经验已达成
2022-05-14 15:58:17,901 - log - INFO - BilibiliHelper is running! Running time : 1 day.
2022-05-14 21:05:53,603 - log - INFO - 用户昵称：RedSTAR_Kon
2022-05-14 21:05:53,604 - log - INFO - 硬币余额：43.8
2022-05-14 21:05:53,605 - log - INFO - 当前等级：5,当前经验：19298,下一级所需经验：9502
2022-05-14 21:05:53,708 - log - INFO - 直播签到信息：今日已签到过,无法重复签到
2022-05-14 21:05:53,817 - log - INFO - 漫画已签到或签到失败
2022-05-14 21:05:54,516 - log - INFO - 直播银瓜子不足700兑换硬币
2022-05-14 21:05:54,789 - log - INFO - 视频分享成功
2022-05-14 21:05:54,859 - log - INFO - 上报视频进度成功
2022-05-14 21:05:55,083 - log - INFO - 今日投币经验已达成
2022-05-14 21:05:55,291 - log - INFO - BilibiliHelper is running! Running time : 1 day.
